Request received at: 2025-06-26T10:00:06.568Z By user: ::1
 and this is the request url: /
Request received at: 2025-06-26T10:00:15.991Z By user: ::1
 and this is the request url: /contact
Request received at: 2025-06-26T10:38:41.320Z By user: ::1
 and this is the request url: /
Request received at: 2025-06-26T10:38:58.250Z By user: ::1
 and this is the request url: /
Request received at: 2025-06-26T10:39:26.218Z By user: ::1
 and this is the request url: /about
Request received at: 2025-06-26T10:39:37.575Z By user: ::1
 and this is the request url: /about
Request received at: 2025-06-26T10:40:01.993Z By user: ::1
 and this is the request url: /about
Request received at: 2025-06-26T10:40:53.422Z By user: ::1
 and this is the request url: /about?msg=0&name=ramajan+tahashildat
Request received at: 2025-06-26T10:41:23.055Z By user: ::1
 and this is the request url: /about?msg=0&name=ramajan+tahashildat
Request received at: 2025-06-26T10:42:20.152Z By user: ::1
 and this is the request url: /about?msg=0&name=ramajan+tahashildat
Request received at: 2025-06-26T10:43:21.049Z By user: ::1
 and this is the request url: /about?msg=0&name=ramajan+tahashildat
Request received at: 2025-06-26T10:44:51.670Z By user: ::1
 and this is the request url: /about?msg=0&name=ramajan+tahashildat
Request received at: 2025-06-26T10:45:18.866Z By user: ::1
 and this is the request url: /about?msg=0&name=ramajan+tahashildat
Request received at: 2025-06-26T10:45:19.781Z By user: ::1
 and this is the request url: /about?msg=0&name=ramajan+tahashildat
Request received at: 2025-06-26T10:45:22.956Z By user: ::1
 and this is the request url: /about?msg=0&name=ramajan
Request received at: 2025-06-26T10:45:25.085Z By user: ::1
 and this is the request url: /about?msg=0&name=ramajan
Request received at: 2025-06-26T10:45:42.194Z By user: ::1
 and this is the request url: /about?msg=0&name=ramajan
Request received at: 2025-06-26T10:45:53.684Z By user: ::1
 and this is the request url: /about?msg=0&username=ramajan
Request received at: 2025-06-26T10:46:15.524Z By user: ::1
 and this is the request url: /about?msg=0&username=ramajan+Tahashildar
Request received at: 2025-06-26T11:08:55.166Z By user: ::1
 and this is the request url: /
Request received at: 2025-06-26T11:09:00.228Z By user: ::1
 and this is the request url: /about?msg=0&username=ramajan
Request received at: 2025-06-26T11:09:05.365Z By user: ::1
 and this is the request url: /about?msg=0&username=ramajan+Tahashildar
Request received at: 2025-06-26T11:21:25.937Z By user: ::1
 and this is the request url: /about?msg=0&username=ramajan+Tahashildar
Request received at: 2025-06-26T11:21:27.119Z By user: ::1
 and this is the request url: /about?msg=0&username=ramajan+Tahashildar
Request received at: 2025-06-26T11:21:44.066Z By user: ::1
 and this is the request url: /userExists?msg=0&username=ramajan+Tahashildar
Request received at: 2025-06-26T11:22:38.278Z By user: ::1
 and this is the request url: /userExists?username=ramajan+tahashildar
Request received at: 2025-06-26T11:24:06.174Z By user: ::1
 and this is the request url: /userExists?username=ramajan+tahashildar
